0 verbose cli C:\Program Files\nodejs\node.exe C:\Users\rmeic\AppData\Roaming\npm\node_modules\npm\bin\npm-cli.js
1 info using npm@11.4.2
2 info using node@v24.11.1
3 silly config load:file:C:\Users\rmeic\AppData\Roaming\npm\node_modules\npm\npmrc
4 silly config load:file:C:\Users\rmeic\Projects\collabboard\lightable\apps\starter-kit\.npmrc
5 silly config load:file:C:\Users\rmeic\.npmrc
6 silly config load:file:C:\Users\rmeic\AppData\Roaming\npm\etc\npmrc
7 verbose title npm view react-social-media-embed versions
8 verbose argv "view" "react-social-media-embed" "versions" "--json"
9 verbose logfile logs-max:10 dir:C:\Users\rmeic\AppData\Local\npm-cache\_logs\2026-01-23T10_29_04_650Z-
10 verbose logfile C:\Users\rmeic\AppData\Local\npm-cache\_logs\2026-01-23T10_29_04_650Z-debug-0.log
11 silly logfile start cleaning logs, removing 1 files
12 silly logfile done cleaning log files
13 http fetch GET 200 https://registry.npmjs.org/react-social-media-embed 296ms (cache revalidated)
14 verbose cwd C:\Users\rmeic\Projects\collabboard\lightable\apps\starter-kit
15 verbose os Windows_NT 10.0.22631
16 verbose node v24.11.1
17 verbose npm  v11.4.2
18 verbose exit 0
19 info ok
